<?xml version="1.0" encoding="UTF-8"?>
<!-- Generated by org.testng.reporters.JUnitReportReporter -->
<testsuite skipped="0" hostname="DESKTOP-564T0NE" name="Testcases.LoginPage_Test" tests="1" failures="0" timestamp="08 May 2020 12:01:35 GMT" time="10.604" errors="0">
  <testcase name="LoginTest" time="10.604" classname="Testcases.LoginPage_Test"/>
</testsuite> <!-- Testcases.LoginPage_Test -->
