<?xml version="1.0" encoding="UTF-8"?>
<!-- Generated by org.testng.reporters.JUnitReportReporter -->
<testsuite skipped="0" hostname="DESKTOP-564T0NE" name="Testcases.Workshift_Test" tests="1" failures="0" timestamp="08 May 2020 12:01:35 GMT" time="39.988" errors="0">
  <testcase name="workshiftDetails" time="39.988" classname="Testcases.Workshift_Test"/>
</testsuite> <!-- Testcases.Workshift_Test -->
