<?xml version="1.0" encoding="UTF-8"?>
<!-- Generated by org.testng.reporters.JUnitReportReporter -->
<testsuite skipped="0" hostname="DESKTOP-564T0NE" name="Testcases.OrganizationPgae_Test" tests="1" failures="0" timestamp="11 May 2020 07:42:15 GMT" time="22.557" errors="0">
  <testcase name="OrganizationDetails" time="22.557" classname="Testcases.OrganizationPgae_Test"/>
</testsuite> <!-- Testcases.OrganizationPgae_Test -->
