<?xml version="1.0" encoding="UTF-8"?>
<!-- Generated by org.testng.reporters.JUnitReportReporter -->
<testsuite skipped="0" hostname="DESKTOP-564T0NE" name="Testcases.FbTest" tests="1" failures="0" timestamp="06 May 2020 07:57:40 GMT" time="21.463" errors="0">
  <testcase name="readDataTest" time="21.463" classname="Testcases.FbTest"/>
</testsuite> <!-- Testcases.FbTest -->
