<?xml version="1.0" encoding="UTF-8"?>
<!-- Generated by org.testng.reporters.JUnitReportReporter -->
<testsuite skipped="0" hostname="DESKTOP-564T0NE" name="Testcases.AdminPage_Test" tests="2" failures="0" timestamp="08 May 2020 12:01:35 GMT" time="92.234" errors="0">
  <testcase name="AdminDetails" time="44.429" classname="Testcases.AdminPage_Test"/>
  <testcase name="AdminDetails" time="47.805" classname="Testcases.AdminPage_Test"/>
</testsuite> <!-- Testcases.AdminPage_Test -->
